package configuration for libffi is not found
have_header: checking for ffi.h... -------------------- no

"gcc -o conftest -IC:/RailsInstaller/Ruby1.9.3/include/ruby-1.9.1/i386-mingw32 -IC:/RailsInstaller/Ruby1.9.3/include/ruby-1.9.1/ruby/backward -IC:/RailsInstaller/Ruby1.9.3/include/ruby-1.9.1 -I.     -O3 -fno-omit-frame-pointer -g -Wextra -Wno-unused-parameter -Wno-parentheses -Wno-long-long -Wno-missing-field-initializers -Wpointer-arith -Wwrite-strings -Wdeclaration-after-statement -Wimplicit-function-declaration conftest.c  -L. -LC:/RailsInstaller/Ruby1.9.3/lib -L.      -lmsvcrt-ruby191  -lshell32 -lws2_32 -limagehlp  "
checked program was:
/* begin */
1: #include "ruby.h"
2: 
3: #include <winsock2.h>
4: #include <windows.h>
5: int main() {return 0;}
/* end */

"gcc -E -IC:/RailsInstaller/Ruby1.9.3/include/ruby-1.9.1/i386-mingw32 -IC:/RailsInstaller/Ruby1.9.3/include/ruby-1.9.1/ruby/backward -IC:/RailsInstaller/Ruby1.9.3/include/ruby-1.9.1 -I.     -O3 -fno-omit-frame-pointer -g -Wextra -Wno-unused-parameter -Wno-parentheses -Wno-long-long -Wno-missing-field-initializers -Wpointer-arith -Wwrite-strings -Wdeclaration-after-statement -Wimplicit-function-declaration  conftest.c -o conftest.i"
conftest.c:5:17: fatal error: ffi.h: No such file or directory
compilation terminated.
checked program was:
/* begin */
1: #include "ruby.h"
2: 
3: #include <winsock2.h>
4: #include <windows.h>
5: #include <ffi.h>
/* end */

--------------------

find_header: checking for ffi.h in /usr/local/include,/usr/include/ffi... -------------------- no

"gcc -E -IC:/RailsInstaller/Ruby1.9.3/include/ruby-1.9.1/i386-mingw32 -IC:/RailsInstaller/Ruby1.9.3/include/ruby-1.9.1/ruby/backward -IC:/RailsInstaller/Ruby1.9.3/include/ruby-1.9.1 -I.     -O3 -fno-omit-frame-pointer -g -Wextra -Wno-unused-parameter -Wno-parentheses -Wno-long-long -Wno-missing-field-initializers -Wpointer-arith -Wwrite-strings -Wdeclaration-after-statement -Wimplicit-function-declaration  conftest.c -o conftest.i"
conftest.c:5:17: fatal error: ffi.h: No such file or directory
compilation terminated.
checked program was:
/* begin */
1: #include "ruby.h"
2: 
3: #include <winsock2.h>
4: #include <windows.h>
5: #include <ffi.h>
/* end */

"gcc -E -IC:/RailsInstaller/Ruby1.9.3/include/ruby-1.9.1/i386-mingw32 -IC:/RailsInstaller/Ruby1.9.3/include/ruby-1.9.1/ruby/backward -IC:/RailsInstaller/Ruby1.9.3/include/ruby-1.9.1 -I.     -O3 -fno-omit-frame-pointer -g -Wextra -Wno-unused-parameter -Wno-parentheses -Wno-long-long -Wno-missing-field-initializers -Wpointer-arith -Wwrite-strings -Wdeclaration-after-statement -Wimplicit-function-declaration -I/usr/local/include conftest.c -o conftest.i"
conftest.c:5:17: fatal error: ffi.h: No such file or directory
compilation terminated.
checked program was:
/* begin */
1: #include "ruby.h"
2: 
3: #include <winsock2.h>
4: #include <windows.h>
5: #include <ffi.h>
/* end */

"gcc -E -IC:/RailsInstaller/Ruby1.9.3/include/ruby-1.9.1/i386-mingw32 -IC:/RailsInstaller/Ruby1.9.3/include/ruby-1.9.1/ruby/backward -IC:/RailsInstaller/Ruby1.9.3/include/ruby-1.9.1 -I.     -O3 -fno-omit-frame-pointer -g -Wextra -Wno-unused-parameter -Wno-parentheses -Wno-long-long -Wno-missing-field-initializers -Wpointer-arith -Wwrite-strings -Wdeclaration-after-statement -Wimplicit-function-declaration -I/usr/include/ffi conftest.c -o conftest.i"
conftest.c:5:17: fatal error: ffi.h: No such file or directory
compilation terminated.
checked program was:
/* begin */
1: #include "ruby.h"
2: 
3: #include <winsock2.h>
4: #include <windows.h>
5: #include <ffi.h>
/* end */

--------------------

have_func: checking for rb_thread_blocking_region()... -------------------- yes

"gcc -o conftest -IC:/RailsInstaller/Ruby1.9.3/include/ruby-1.9.1/i386-mingw32 -IC:/RailsInstaller/Ruby1.9.3/include/ruby-1.9.1/ruby/backward -IC:/RailsInstaller/Ruby1.9.3/include/ruby-1.9.1 -I.     -O3 -fno-omit-frame-pointer -g -Wextra -Wno-unused-parameter -Wno-parentheses -Wno-long-long -Wno-missing-field-initializers -Wpointer-arith -Wwrite-strings -Wdeclaration-after-statement -Wimplicit-function-declaration conftest.c  -L. -LC:/RailsInstaller/Ruby1.9.3/lib -L.      -lmsvcrt-ruby191  -lshell32 -lws2_32 -limagehlp  "
checked program was:
/* begin */
1: #include "ruby.h"
2: 
3: #include <winsock2.h>
4: #include <windows.h>
5: 
6: /*top*/
7: int main() {return 0;}
8: int t() { void ((*volatile p)()); p = (void ((*)()))rb_thread_blocking_region; return 0; }
/* end */

--------------------

have_func: checking for ruby_native_thread_p()... -------------------- yes

"gcc -o conftest -IC:/RailsInstaller/Ruby1.9.3/include/ruby-1.9.1/i386-mingw32 -IC:/RailsInstaller/Ruby1.9.3/include/ruby-1.9.1/ruby/backward -IC:/RailsInstaller/Ruby1.9.3/include/ruby-1.9.1 -I.     -O3 -fno-omit-frame-pointer -g -Wextra -Wno-unused-parameter -Wno-parentheses -Wno-long-long -Wno-missing-field-initializers -Wpointer-arith -Wwrite-strings -Wdeclaration-after-statement -Wimplicit-function-declaration conftest.c  -L. -LC:/RailsInstaller/Ruby1.9.3/lib -L.      -lmsvcrt-ruby191  -lshell32 -lws2_32 -limagehlp  "
checked program was:
/* begin */
1: #include "ruby.h"
2: 
3: #include <winsock2.h>
4: #include <windows.h>
5: 
6: /*top*/
7: int main() {return 0;}
8: int t() { void ((*volatile p)()); p = (void ((*)()))ruby_native_thread_p; return 0; }
/* end */

--------------------

have_func: checking for rb_thread_call_with_gvl()... -------------------- yes

"gcc -o conftest -IC:/RailsInstaller/Ruby1.9.3/include/ruby-1.9.1/i386-mingw32 -IC:/RailsInstaller/Ruby1.9.3/include/ruby-1.9.1/ruby/backward -IC:/RailsInstaller/Ruby1.9.3/include/ruby-1.9.1 -I.     -O3 -fno-omit-frame-pointer -g -Wextra -Wno-unused-parameter -Wno-parentheses -Wno-long-long -Wno-missing-field-initializers -Wpointer-arith -Wwrite-strings -Wdeclaration-after-statement -Wimplicit-function-declaration conftest.c  -L. -LC:/RailsInstaller/Ruby1.9.3/lib -L.      -lmsvcrt-ruby191  -lshell32 -lws2_32 -limagehlp  "
conftest.c: In function 't':
conftest.c:8:53: error: 'rb_thread_call_with_gvl' undeclared (first use in this function)
conftest.c:8:53: note: each undeclared identifier is reported only once for each function it appears in
checked program was:
/* begin */
1: #include "ruby.h"
2: 
3: #include <winsock2.h>
4: #include <windows.h>
5: 
6: /*top*/
7: int main() {return 0;}
8: int t() { void ((*volatile p)()); p = (void ((*)()))rb_thread_call_with_gvl; return 0; }
/* end */

"gcc -o conftest -IC:/RailsInstaller/Ruby1.9.3/include/ruby-1.9.1/i386-mingw32 -IC:/RailsInstaller/Ruby1.9.3/include/ruby-1.9.1/ruby/backward -IC:/RailsInstaller/Ruby1.9.3/include/ruby-1.9.1 -I.     -O3 -fno-omit-frame-pointer -g -Wextra -Wno-unused-parameter -Wno-parentheses -Wno-long-long -Wno-missing-field-initializers -Wpointer-arith -Wwrite-strings -Wdeclaration-after-statement -Wimplicit-function-declaration conftest.c  -L. -LC:/RailsInstaller/Ruby1.9.3/lib -L.      -lmsvcrt-ruby191  -lshell32 -lws2_32 -limagehlp  "
conftest.c: In function 't':
conftest.c:8:1: warning: implicit declaration of function 'rb_thread_call_with_gvl'
checked program was:
/* begin */
1: #include "ruby.h"
2: 
3: #include <winsock2.h>
4: #include <windows.h>
5: 
6: /*top*/
7: int main() {return 0;}
8: int t() { rb_thread_call_with_gvl(); return 0; }
/* end */

--------------------

